Determining size of __int64 failed with the following output:
Change Dir: /home/veret/Projects/NSConsole/nc-ui-prototype/Axis2/jansson-2.7/CMakeFiles/CMakeTmp

Run Build Command:/usr/bin/make "cmTryCompileExec3677913825/fast"
/usr/bin/make -f CMakeFiles/cmTryCompileExec3677913825.dir/build.make CMakeFiles/cmTryCompileExec3677913825.dir/build
make[1]: Вход в каталог `/home/veret/Projects/NSConsole/nc-ui-prototype/Axis2/jansson-2.7/CMakeFiles/CMakeTmp'
/usr/bin/cmake -E cmake_progress_report /home/veret/Projects/NSConsole/nc-ui-prototype/Axis2/jansson-2.7/CMakeFiles/CMakeTmp/CMakeFiles 1
Building C object CMakeFiles/cmTryCompileExec3677913825.dir/__INT64.c.o
/usr/bin/cc    -o CMakeFiles/cmTryCompileExec3677913825.dir/__INT64.c.o   -c /home/veret/Projects/NSConsole/nc-ui-prototype/Axis2/jansson-2.7/CMakeFiles/CheckTypeSize/__INT64.c
/home/veret/Projects/NSConsole/nc-ui-prototype/Axis2/jansson-2.7/CMakeFiles/CheckTypeSize/__INT64.c:17:22: error: '__int64' undeclared here (not in a function)
 #define SIZE (sizeof(__int64))
                      ^
/home/veret/Projects/NSConsole/nc-ui-prototype/Axis2/jansson-2.7/CMakeFiles/CheckTypeSize/__INT64.c:19:12: note: in expansion of macro 'SIZE'
   ('0' + ((SIZE / 10000)%10)),
            ^
make[1]: Выход из каталога `/home/veret/Projects/NSConsole/nc-ui-prototype/Axis2/jansson-2.7/CMakeFiles/CMakeTmp'
make[1]: *** [CMakeFiles/cmTryCompileExec3677913825.dir/__INT64.c.o] Ошибка 1
make: *** [cmTryCompileExec3677913825/fast] Ошибка 2

/home/veret/Projects/NSConsole/nc-ui-prototype/Axis2/jansson-2.7/CMakeFiles/CheckTypeSize/__INT64.c:
#include <sys/types.h>
#include <stdint.h>
#include <stddef.h>


#undef KEY
#if defined(__i386)
# define KEY '_','_','i','3','8','6'
#elif defined(__x86_64)
# define KEY '_','_','x','8','6','_','6','4'
#elif defined(__ppc__)
# define KEY '_','_','p','p','c','_','_'
#elif defined(__ppc64__)
# define KEY '_','_','p','p','c','6','4','_','_'
#endif

#define SIZE (sizeof(__int64))
char info_size[] =  {'I', 'N', 'F', 'O', ':', 's','i','z','e','[',
  ('0' + ((SIZE / 10000)%10)),
  ('0' + ((SIZE / 1000)%10)),
  ('0' + ((SIZE / 100)%10)),
  ('0' + ((SIZE / 10)%10)),
  ('0' +  (SIZE    % 10)),
  ']',
#ifdef KEY
  ' ','k','e','y','[', KEY, ']',
#endif
  '\0'};

#ifdef __CLASSIC_C__
int main(argc, argv) int argc; char *argv[];
#else
int main(int argc, char *argv[])
#endif
{
  int require = 0;
  require += info_size[argc];
  (void)argv;
  return require;
}


Determining size of __int32 failed with the following output:
Change Dir: /home/veret/Projects/NSConsole/nc-ui-prototype/Axis2/jansson-2.7/CMakeFiles/CMakeTmp

Run Build Command:/usr/bin/make "cmTryCompileExec2550447226/fast"
/usr/bin/make -f CMakeFiles/cmTryCompileExec2550447226.dir/build.make CMakeFiles/cmTryCompileExec2550447226.dir/build
make[1]: Вход в каталог `/home/veret/Projects/NSConsole/nc-ui-prototype/Axis2/jansson-2.7/CMakeFiles/CMakeTmp'
/usr/bin/cmake -E cmake_progress_report /home/veret/Projects/NSConsole/nc-ui-prototype/Axis2/jansson-2.7/CMakeFiles/CMakeTmp/CMakeFiles 1
Building C object CMakeFiles/cmTryCompileExec2550447226.dir/__INT32.c.o
/usr/bin/cc    -o CMakeFiles/cmTryCompileExec2550447226.dir/__INT32.c.o   -c /home/veret/Projects/NSConsole/nc-ui-prototype/Axis2/jansson-2.7/CMakeFiles/CheckTypeSize/__INT32.c
/home/veret/Projects/NSConsole/nc-ui-prototype/Axis2/jansson-2.7/CMakeFiles/CheckTypeSize/__INT32.c:17:22: error: '__int32' undeclared here (not in a function)
 #define SIZE (sizeof(__int32))
                      ^
/home/veret/Projects/NSConsole/nc-ui-prototype/Axis2/jansson-2.7/CMakeFiles/CheckTypeSize/__INT32.c:19:12: note: in expansion of macro 'SIZE'
   ('0' + ((SIZE / 10000)%10)),
            ^
make[1]: Выход из каталога `/home/veret/Projects/NSConsole/nc-ui-prototype/Axis2/jansson-2.7/CMakeFiles/CMakeTmp'
make[1]: *** [CMakeFiles/cmTryCompileExec2550447226.dir/__INT32.c.o] Ошибка 1
make: *** [cmTryCompileExec2550447226/fast] Ошибка 2

/home/veret/Projects/NSConsole/nc-ui-prototype/Axis2/jansson-2.7/CMakeFiles/CheckTypeSize/__INT32.c:
#include <sys/types.h>
#include <stdint.h>
#include <stddef.h>


#undef KEY
#if defined(__i386)
# define KEY '_','_','i','3','8','6'
#elif defined(__x86_64)
# define KEY '_','_','x','8','6','_','6','4'
#elif defined(__ppc__)
# define KEY '_','_','p','p','c','_','_'
#elif defined(__ppc64__)
# define KEY '_','_','p','p','c','6','4','_','_'
#endif

#define SIZE (sizeof(__int32))
char info_size[] =  {'I', 'N', 'F', 'O', ':', 's','i','z','e','[',
  ('0' + ((SIZE / 10000)%10)),
  ('0' + ((SIZE / 1000)%10)),
  ('0' + ((SIZE / 100)%10)),
  ('0' + ((SIZE / 10)%10)),
  ('0' +  (SIZE    % 10)),
  ']',
#ifdef KEY
  ' ','k','e','y','[', KEY, ']',
#endif
  '\0'};

#ifdef __CLASSIC_C__
int main(argc, argv) int argc; char *argv[];
#else
int main(int argc, char *argv[])
#endif
{
  int require = 0;
  require += info_size[argc];
  (void)argv;
  return require;
}


Determining size of __uint32 failed with the following output:
Change Dir: /home/veret/Projects/NSConsole/nc-ui-prototype/Axis2/jansson-2.7/CMakeFiles/CMakeTmp

Run Build Command:/usr/bin/make "cmTryCompileExec2531146940/fast"
/usr/bin/make -f CMakeFiles/cmTryCompileExec2531146940.dir/build.make CMakeFiles/cmTryCompileExec2531146940.dir/build
make[1]: Вход в каталог `/home/veret/Projects/NSConsole/nc-ui-prototype/Axis2/jansson-2.7/CMakeFiles/CMakeTmp'
/usr/bin/cmake -E cmake_progress_report /home/veret/Projects/NSConsole/nc-ui-prototype/Axis2/jansson-2.7/CMakeFiles/CMakeTmp/CMakeFiles 1
Building C object CMakeFiles/cmTryCompileExec2531146940.dir/__UINT32.c.o
/usr/bin/cc    -o CMakeFiles/cmTryCompileExec2531146940.dir/__UINT32.c.o   -c /home/veret/Projects/NSConsole/nc-ui-prototype/Axis2/jansson-2.7/CMakeFiles/CheckTypeSize/__UINT32.c
/home/veret/Projects/NSConsole/nc-ui-prototype/Axis2/jansson-2.7/CMakeFiles/CheckTypeSize/__UINT32.c:17:22: error: '__uint32' undeclared here (not in a function)
 #define SIZE (sizeof(__uint32))
                      ^
/home/veret/Projects/NSConsole/nc-ui-prototype/Axis2/jansson-2.7/CMakeFiles/CheckTypeSize/__UINT32.c:19:12: note: in expansion of macro 'SIZE'
   ('0' + ((SIZE / 10000)%10)),
            ^
make[1]: *** [CMakeFiles/cmTryCompileExec2531146940.dir/__UINT32.c.o] Ошибка 1
make[1]: Выход из каталога `/home/veret/Projects/NSConsole/nc-ui-prototype/Axis2/jansson-2.7/CMakeFiles/CMakeTmp'
make: *** [cmTryCompileExec2531146940/fast] Ошибка 2

/home/veret/Projects/NSConsole/nc-ui-prototype/Axis2/jansson-2.7/CMakeFiles/CheckTypeSize/__UINT32.c:
#include <sys/types.h>
#include <stdint.h>
#include <stddef.h>


#undef KEY
#if defined(__i386)
# define KEY '_','_','i','3','8','6'
#elif defined(__x86_64)
# define KEY '_','_','x','8','6','_','6','4'
#elif defined(__ppc__)
# define KEY '_','_','p','p','c','_','_'
#elif defined(__ppc64__)
# define KEY '_','_','p','p','c','6','4','_','_'
#endif

#define SIZE (sizeof(__uint32))
char info_size[] =  {'I', 'N', 'F', 'O', ':', 's','i','z','e','[',
  ('0' + ((SIZE / 10000)%10)),
  ('0' + ((SIZE / 1000)%10)),
  ('0' + ((SIZE / 100)%10)),
  ('0' + ((SIZE / 10)%10)),
  ('0' +  (SIZE    % 10)),
  ']',
#ifdef KEY
  ' ','k','e','y','[', KEY, ']',
#endif
  '\0'};

#ifdef __CLASSIC_C__
int main(argc, argv) int argc; char *argv[];
#else
int main(int argc, char *argv[])
#endif
{
  int require = 0;
  require += info_size[argc];
  (void)argv;
  return require;
}


Determining size of __uint16 failed with the following output:
Change Dir: /home/veret/Projects/NSConsole/nc-ui-prototype/Axis2/jansson-2.7/CMakeFiles/CMakeTmp

Run Build Command:/usr/bin/make "cmTryCompileExec1552186411/fast"
/usr/bin/make -f CMakeFiles/cmTryCompileExec1552186411.dir/build.make CMakeFiles/cmTryCompileExec1552186411.dir/build
make[1]: Вход в каталог `/home/veret/Projects/NSConsole/nc-ui-prototype/Axis2/jansson-2.7/CMakeFiles/CMakeTmp'
/usr/bin/cmake -E cmake_progress_report /home/veret/Projects/NSConsole/nc-ui-prototype/Axis2/jansson-2.7/CMakeFiles/CMakeTmp/CMakeFiles 1
Building C object CMakeFiles/cmTryCompileExec1552186411.dir/__UINT16.c.o
/usr/bin/cc    -o CMakeFiles/cmTryCompileExec1552186411.dir/__UINT16.c.o   -c /home/veret/Projects/NSConsole/nc-ui-prototype/Axis2/jansson-2.7/CMakeFiles/CheckTypeSize/__UINT16.c
/home/veret/Projects/NSConsole/nc-ui-prototype/Axis2/jansson-2.7/CMakeFiles/CheckTypeSize/__UINT16.c:17:22: error: '__uint16' undeclared here (not in a function)
 #define SIZE (sizeof(__uint16))
                      ^
/home/veret/Projects/NSConsole/nc-ui-prototype/Axis2/jansson-2.7/CMakeFiles/CheckTypeSize/__UINT16.c:19:12: note: in expansion of macro 'SIZE'
   ('0' + ((SIZE / 10000)%10)),
            ^
make[1]: *** [CMakeFiles/cmTryCompileExec1552186411.dir/__UINT16.c.o] Ошибка 1
make[1]: Выход из каталога `/home/veret/Projects/NSConsole/nc-ui-prototype/Axis2/jansson-2.7/CMakeFiles/CMakeTmp'
make: *** [cmTryCompileExec1552186411/fast] Ошибка 2

/home/veret/Projects/NSConsole/nc-ui-prototype/Axis2/jansson-2.7/CMakeFiles/CheckTypeSize/__UINT16.c:
#include <sys/types.h>
#include <stdint.h>
#include <stddef.h>


#undef KEY
#if defined(__i386)
# define KEY '_','_','i','3','8','6'
#elif defined(__x86_64)
# define KEY '_','_','x','8','6','_','6','4'
#elif defined(__ppc__)
# define KEY '_','_','p','p','c','_','_'
#elif defined(__ppc64__)
# define KEY '_','_','p','p','c','6','4','_','_'
#endif

#define SIZE (sizeof(__uint16))
char info_size[] =  {'I', 'N', 'F', 'O', ':', 's','i','z','e','[',
  ('0' + ((SIZE / 10000)%10)),
  ('0' + ((SIZE / 1000)%10)),
  ('0' + ((SIZE / 100)%10)),
  ('0' + ((SIZE / 10)%10)),
  ('0' +  (SIZE    % 10)),
  ']',
#ifdef KEY
  ' ','k','e','y','[', KEY, ']',
#endif
  '\0'};

#ifdef __CLASSIC_C__
int main(argc, argv) int argc; char *argv[];
#else
int main(int argc, char *argv[])
#endif
{
  int require = 0;
  require += info_size[argc];
  (void)argv;
  return require;
}


Determining size of __uint8 failed with the following output:
Change Dir: /home/veret/Projects/NSConsole/nc-ui-prototype/Axis2/jansson-2.7/CMakeFiles/CMakeTmp

Run Build Command:/usr/bin/make "cmTryCompileExec2730462061/fast"
/usr/bin/make -f CMakeFiles/cmTryCompileExec2730462061.dir/build.make CMakeFiles/cmTryCompileExec2730462061.dir/build
make[1]: Вход в каталог `/home/veret/Projects/NSConsole/nc-ui-prototype/Axis2/jansson-2.7/CMakeFiles/CMakeTmp'
/usr/bin/cmake -E cmake_progress_report /home/veret/Projects/NSConsole/nc-ui-prototype/Axis2/jansson-2.7/CMakeFiles/CMakeTmp/CMakeFiles 1
Building C object CMakeFiles/cmTryCompileExec2730462061.dir/__UINT8.c.o
/usr/bin/cc    -o CMakeFiles/cmTryCompileExec2730462061.dir/__UINT8.c.o   -c /home/veret/Projects/NSConsole/nc-ui-prototype/Axis2/jansson-2.7/CMakeFiles/CheckTypeSize/__UINT8.c
/home/veret/Projects/NSConsole/nc-ui-prototype/Axis2/jansson-2.7/CMakeFiles/CheckTypeSize/__UINT8.c:17:22: error: '__uint8' undeclared here (not in a function)
 #define SIZE (sizeof(__uint8))
                      ^
/home/veret/Projects/NSConsole/nc-ui-prototype/Axis2/jansson-2.7/CMakeFiles/CheckTypeSize/__UINT8.c:19:12: note: in expansion of macro 'SIZE'
   ('0' + ((SIZE / 10000)%10)),
            ^
make[1]: Выход из каталога `/home/veret/Projects/NSConsole/nc-ui-prototype/Axis2/jansson-2.7/CMakeFiles/CMakeTmp'
make[1]: *** [CMakeFiles/cmTryCompileExec2730462061.dir/__UINT8.c.o] Ошибка 1
make: *** [cmTryCompileExec2730462061/fast] Ошибка 2

/home/veret/Projects/NSConsole/nc-ui-prototype/Axis2/jansson-2.7/CMakeFiles/CheckTypeSize/__UINT8.c:
#include <sys/types.h>
#include <stdint.h>
#include <stddef.h>


#undef KEY
#if defined(__i386)
# define KEY '_','_','i','3','8','6'
#elif defined(__x86_64)
# define KEY '_','_','x','8','6','_','6','4'
#elif defined(__ppc__)
# define KEY '_','_','p','p','c','_','_'
#elif defined(__ppc64__)
# define KEY '_','_','p','p','c','6','4','_','_'
#endif

#define SIZE (sizeof(__uint8))
char info_size[] =  {'I', 'N', 'F', 'O', ':', 's','i','z','e','[',
  ('0' + ((SIZE / 10000)%10)),
  ('0' + ((SIZE / 1000)%10)),
  ('0' + ((SIZE / 100)%10)),
  ('0' + ((SIZE / 10)%10)),
  ('0' +  (SIZE    % 10)),
  ']',
#ifdef KEY
  ' ','k','e','y','[', KEY, ']',
#endif
  '\0'};

#ifdef __CLASSIC_C__
int main(argc, argv) int argc; char *argv[];
#else
int main(int argc, char *argv[])
#endif
{
  int require = 0;
  require += info_size[argc];
  (void)argv;
  return require;
}


Determining size of SSIZE_T failed with the following output:
Change Dir: /home/veret/Projects/NSConsole/nc-ui-prototype/Axis2/jansson-2.7/CMakeFiles/CMakeTmp

Run Build Command:/usr/bin/make "cmTryCompileExec1715806797/fast"
/usr/bin/make -f CMakeFiles/cmTryCompileExec1715806797.dir/build.make CMakeFiles/cmTryCompileExec1715806797.dir/build
make[1]: Вход в каталог `/home/veret/Projects/NSConsole/nc-ui-prototype/Axis2/jansson-2.7/CMakeFiles/CMakeTmp'
/usr/bin/cmake -E cmake_progress_report /home/veret/Projects/NSConsole/nc-ui-prototype/Axis2/jansson-2.7/CMakeFiles/CMakeTmp/CMakeFiles 1
Building C object CMakeFiles/cmTryCompileExec1715806797.dir/UPPERCASE_SSIZE_T.c.o
/usr/bin/cc    -o CMakeFiles/cmTryCompileExec1715806797.dir/UPPERCASE_SSIZE_T.c.o   -c /home/veret/Projects/NSConsole/nc-ui-prototype/Axis2/jansson-2.7/CMakeFiles/CheckTypeSize/UPPERCASE_SSIZE_T.c
/home/veret/Projects/NSConsole/nc-ui-prototype/Axis2/jansson-2.7/CMakeFiles/CheckTypeSize/UPPERCASE_SSIZE_T.c:17:22: error: 'SSIZE_T' undeclared here (not in a function)
 #define SIZE (sizeof(SSIZE_T))
                      ^
/home/veret/Projects/NSConsole/nc-ui-prototype/Axis2/jansson-2.7/CMakeFiles/CheckTypeSize/UPPERCASE_SSIZE_T.c:19:12: note: in expansion of macro 'SIZE'
   ('0' + ((SIZE / 10000)%10)),
            ^
make[1]: *** [CMakeFiles/cmTryCompileExec1715806797.dir/UPPERCASE_SSIZE_T.c.o] Ошибка 1
make[1]: Выход из каталога `/home/veret/Projects/NSConsole/nc-ui-prototype/Axis2/jansson-2.7/CMakeFiles/CMakeTmp'
make: *** [cmTryCompileExec1715806797/fast] Ошибка 2

/home/veret/Projects/NSConsole/nc-ui-prototype/Axis2/jansson-2.7/CMakeFiles/CheckTypeSize/UPPERCASE_SSIZE_T.c:
#include <sys/types.h>
#include <stdint.h>
#include <stddef.h>


#undef KEY
#if defined(__i386)
# define KEY '_','_','i','3','8','6'
#elif defined(__x86_64)
# define KEY '_','_','x','8','6','_','6','4'
#elif defined(__ppc__)
# define KEY '_','_','p','p','c','_','_'
#elif defined(__ppc64__)
# define KEY '_','_','p','p','c','6','4','_','_'
#endif

#define SIZE (sizeof(SSIZE_T))
char info_size[] =  {'I', 'N', 'F', 'O', ':', 's','i','z','e','[',
  ('0' + ((SIZE / 10000)%10)),
  ('0' + ((SIZE / 1000)%10)),
  ('0' + ((SIZE / 100)%10)),
  ('0' + ((SIZE / 10)%10)),
  ('0' +  (SIZE    % 10)),
  ']',
#ifdef KEY
  ' ','k','e','y','[', KEY, ']',
#endif
  '\0'};

#ifdef __CLASSIC_C__
int main(argc, argv) int argc; char *argv[];
#else
int main(int argc, char *argv[])
#endif
{
  int require = 0;
  require += info_size[argc];
  (void)argv;
  return require;
}


Determining if the function _strtoi64 exists failed with the following output:
Change Dir: /home/veret/Projects/NSConsole/nc-ui-prototype/Axis2/jansson-2.7/CMakeFiles/CMakeTmp

Run Build Command:/usr/bin/make "cmTryCompileExec3560089937/fast"
/usr/bin/make -f CMakeFiles/cmTryCompileExec3560089937.dir/build.make CMakeFiles/cmTryCompileExec3560089937.dir/build
make[1]: Вход в каталог `/home/veret/Projects/NSConsole/nc-ui-prototype/Axis2/jansson-2.7/CMakeFiles/CMakeTmp'
/usr/bin/cmake -E cmake_progress_report /home/veret/Projects/NSConsole/nc-ui-prototype/Axis2/jansson-2.7/CMakeFiles/CMakeTmp/CMakeFiles 1
Building C object CMakeFiles/cmTryCompileExec3560089937.dir/CheckFunctionExists.c.o
/usr/bin/cc   -DCHECK_FUNCTION_EXISTS=_strtoi64   -o CMakeFiles/cmTryCompileExec3560089937.dir/CheckFunctionExists.c.o   -c /usr/share/cmake-2.8/Modules/CheckFunctionExists.c
Linking C executable cmTryCompileExec3560089937
/usr/bin/cmake -E cmake_link_script CMakeFiles/cmTryCompileExec3560089937.dir/link.txt --verbose=1
/usr/bin/cc   -DCHECK_FUNCTION_EXISTS=_strtoi64    CMakeFiles/cmTryCompileExec3560089937.dir/CheckFunctionExists.c.o  -o cmTryCompileExec3560089937 -rdynamic 
CMakeFiles/cmTryCompileExec3560089937.dir/CheckFunctionExists.c.o: In function `main':
CheckFunctionExists.c:(.text+0x15): undefined reference to `_strtoi64'
collect2: error: ld returned 1 exit status
make[1]: Выход из каталога `/home/veret/Projects/NSConsole/nc-ui-prototype/Axis2/jansson-2.7/CMakeFiles/CMakeTmp'
make[1]: *** [cmTryCompileExec3560089937] Ошибка 1
make: *** [cmTryCompileExec3560089937/fast] Ошибка 2


Determining if the function _snprintf exists failed with the following output:
Change Dir: /home/veret/Projects/NSConsole/nc-ui-prototype/Axis2/jansson-2.7/CMakeFiles/CMakeTmp

Run Build Command:/usr/bin/make "cmTryCompileExec3060247211/fast"
/usr/bin/make -f CMakeFiles/cmTryCompileExec3060247211.dir/build.make CMakeFiles/cmTryCompileExec3060247211.dir/build
make[1]: Вход в каталог `/home/veret/Projects/NSConsole/nc-ui-prototype/Axis2/jansson-2.7/CMakeFiles/CMakeTmp'
/usr/bin/cmake -E cmake_progress_report /home/veret/Projects/NSConsole/nc-ui-prototype/Axis2/jansson-2.7/CMakeFiles/CMakeTmp/CMakeFiles 1
Building C object CMakeFiles/cmTryCompileExec3060247211.dir/CheckFunctionExists.c.o
/usr/bin/cc   -DCHECK_FUNCTION_EXISTS=_snprintf   -o CMakeFiles/cmTryCompileExec3060247211.dir/CheckFunctionExists.c.o   -c /usr/share/cmake-2.8/Modules/CheckFunctionExists.c
Linking C executable cmTryCompileExec3060247211
/usr/bin/cmake -E cmake_link_script CMakeFiles/cmTryCompileExec3060247211.dir/link.txt --verbose=1
/usr/bin/cc   -DCHECK_FUNCTION_EXISTS=_snprintf    CMakeFiles/cmTryCompileExec3060247211.dir/CheckFunctionExists.c.o  -o cmTryCompileExec3060247211 -rdynamic 
CMakeFiles/cmTryCompileExec3060247211.dir/CheckFunctionExists.c.o: In function `main':
CheckFunctionExists.c:(.text+0x15): undefined reference to `_snprintf'
collect2: error: ld returned 1 exit status
make[1]: *** [cmTryCompileExec3060247211] Ошибка 1
make[1]: Выход из каталога `/home/veret/Projects/NSConsole/nc-ui-prototype/Axis2/jansson-2.7/CMakeFiles/CMakeTmp'
make: *** [cmTryCompileExec3060247211/fast] Ошибка 2


